[    5706ms] Uncaught Error: Cal is not defined. This shouldn't happen
    at <anonymous> (https://app.cal.com/embed/embed.js:220:48096)
    at <anonymous> (https://app.cal.com/embed/embed.js:228:1)
[    6754ms] [WARNING] Error while trying to use the following icon from the Manifest: http://localhost:3004/favicon.png (Resource size is not correct - typo in the Manifest?) @ http://localhost:3004/growth-audit/success?sessionId=311fa7d5-0157-428a-a3c5-7a4d1c582e18&token=92d54bbd941080d533653f817d6d66e773cac9e80621d13a5422ed6021f0f3a9:0
[    7396ms] [WARNING] Error while trying to use the following icon from the Manifest: http://localhost:3004/favicon.png (Resource size is not correct - typo in the Manifest?) @ http://localhost:3004/growth-audit/success?sessionId=311fa7d5-0157-428a-a3c5-7a4d1c582e18&token=92d54bbd941080d533653f817d6d66e773cac9e80621d13a5422ed6021f0f3a9:0
[    7919ms] [WARNING] Error while trying to use the following icon from the Manifest: http://localhost:3004/favicon.png (Resource size is not correct - typo in the Manifest?) @ http://localhost:3004/growth-audit/success?sessionId=311fa7d5-0157-428a-a3c5-7a4d1c582e18&token=92d54bbd941080d533653f817d6d66e773cac9e80621d13a5422ed6021f0f3a9:0
[    8376ms] [WARNING] Error while trying to use the following icon from the Manifest: http://localhost:3004/favicon.png (Resource size is not correct - typo in the Manifest?) @ http://localhost:3004/growth-audit/success?sessionId=311fa7d5-0157-428a-a3c5-7a4d1c582e18&token=92d54bbd941080d533653f817d6d66e773cac9e80621d13a5422ed6021f0f3a9:0
[    8684ms] [WARNING] Error while trying to use the following icon from the Manifest: http://localhost:3004/favicon.png (Resource size is not correct - typo in the Manifest?) @ http://localhost:3004/growth-audit/success?sessionId=311fa7d5-0157-428a-a3c5-7a4d1c582e18&token=92d54bbd941080d533653f817d6d66e773cac9e80621d13a5422ed6021f0f3a9:0
[    8994ms] [WARNING] Error while trying to use the following icon from the Manifest: http://localhost:3004/favicon.png (Resource size is not correct - typo in the Manifest?) @ http://localhost:3004/growth-audit/success?sessionId=311fa7d5-0157-428a-a3c5-7a4d1c582e18&token=92d54bbd941080d533653f817d6d66e773cac9e80621d13a5422ed6021f0f3a9:0
[    9302ms] [WARNING] Error while trying to use the following icon from the Manifest: http://localhost:3004/favicon.png (Resource size is not correct - typo in the Manifest?) @ http://localhost:3004/growth-audit/success?sessionId=311fa7d5-0157-428a-a3c5-7a4d1c582e18&token=92d54bbd941080d533653f817d6d66e773cac9e80621d13a5422ed6021f0f3a9:0
[   10289ms] [WARNING] Error while trying to use the following icon from the Manifest: http://localhost:3004/favicon.png (Resource size is not correct - typo in the Manifest?) @ http://localhost:3004/growth-audit/success?sessionId=311fa7d5-0157-428a-a3c5-7a4d1c582e18&token=92d54bbd941080d533653f817d6d66e773cac9e80621d13a5422ed6021f0f3a9:0
[   10575ms] [WARNING] Error while trying to use the following icon from the Manifest: http://localhost:3004/favicon.png (Resource size is not correct - typo in the Manifest?) @ http://localhost:3004/growth-audit/success?sessionId=311fa7d5-0157-428a-a3c5-7a4d1c582e18&token=92d54bbd941080d533653f817d6d66e773cac9e80621d13a5422ed6021f0f3a9:0
[   10761ms] [WARNING] Error while trying to use the following icon from the Manifest: http://localhost:3004/favicon.png (Resource size is not correct - typo in the Manifest?) @ http://localhost:3004/growth-audit/success?sessionId=311fa7d5-0157-428a-a3c5-7a4d1c582e18&token=92d54bbd941080d533653f817d6d66e773cac9e80621d13a5422ed6021f0f3a9:0
[   11016ms] [WARNING] Error while trying to use the following icon from the Manifest: http://localhost:3004/favicon.png (Resource size is not correct - typo in the Manifest?) @ http://localhost:3004/growth-audit/success?sessionId=311fa7d5-0157-428a-a3c5-7a4d1c582e18&token=92d54bbd941080d533653f817d6d66e773cac9e80621d13a5422ed6021f0f3a9:0
[   11367ms] [WARNING] Error while trying to use the following icon from the Manifest: http://localhost:3004/favicon.png (Resource size is not correct - typo in the Manifest?) @ http://localhost:3004/growth-audit/success?sessionId=311fa7d5-0157-428a-a3c5-7a4d1c582e18&token=92d54bbd941080d533653f817d6d66e773cac9e80621d13a5422ed6021f0f3a9:0
[   11647ms] [WARNING] Error while trying to use the following icon from the Manifest: http://localhost:3004/favicon.png (Resource size is not correct - typo in the Manifest?) @ http://localhost:3004/growth-audit/success?sessionId=311fa7d5-0157-428a-a3c5-7a4d1c582e18&token=92d54bbd941080d533653f817d6d66e773cac9e80621d13a5422ed6021f0f3a9:0
[   12166ms] [WARNING] Error while trying to use the following icon from the Manifest: http://localhost:3004/favicon.png (Resource size is not correct - typo in the Manifest?) @ http://localhost:3004/growth-audit/success?sessionId=311fa7d5-0157-428a-a3c5-7a4d1c582e18&token=92d54bbd941080d533653f817d6d66e773cac9e80621d13a5422ed6021f0f3a9:0
[   12495ms] [WARNING] Error while trying to use the following icon from the Manifest: http://localhost:3004/favicon.png (Resource size is not correct - typo in the Manifest?) @ http://localhost:3004/growth-audit/success?sessionId=311fa7d5-0157-428a-a3c5-7a4d1c582e18&token=92d54bbd941080d533653f817d6d66e773cac9e80621d13a5422ed6021f0f3a9:0
[   12734ms] [WARNING] Error while trying to use the following icon from the Manifest: http://localhost:3004/favicon.png (Resource size is not correct - typo in the Manifest?) @ http://localhost:3004/growth-audit/success?sessionId=311fa7d5-0157-428a-a3c5-7a4d1c582e18&token=92d54bbd941080d533653f817d6d66e773cac9e80621d13a5422ed6021f0f3a9:0
[   69007ms] [WARNING] [Fast Refresh] performing full reload

Fast Refresh will perform a full reload when you edit a file that's imported by modules outside of the React rendering tree.
You might have a file which exports a React component but also exports a value that is imported by a non-React component file.
Consider migrating the non-React component export to a separate file and importing it into both files.

It is also possible the parent component of the component you edited is a class component, which disables Fast Refresh.
Fast Refresh requires at least one parent function component in your React tree. @ webpack-internal:///(app-pages-browser)/./node_modules/next/dist/client/dev/hot-reloader/app/hot-reloader-app.js:111
